[14:06:41] [main/INFO] (FabricLoader/GameProvider) Loading Minecraft 1.20 with Fabric Loader 0.14.21
[14:06:41] [main/INFO] (FabricLoader) Loading 47 mods:
	- fabric-api 0.83.0+1.20
	- fabric-api-base 0.4.29+b04edc7a27
	- fabric-api-lookup-api-v1 1.6.34+4d8536c927
	- fabric-biome-api-v1 13.0.10+b3afc78b27
	- fabric-block-api-v1 1.0.9+e022e5d127
	- fabric-blockrenderlayer-v1 1.1.39+b3afc78b27
	- fabric-client-tags-api-v1 1.0.20+b3afc78b27
	- fabric-command-api-v2 2.2.11+b3afc78b27
	- fabric-content-registries-v0 4.0.7+b3afc78b27
	- fabric-convention-tags-v1 1.5.3+b3afc78b27
	- fabric-crash-report-info-v1 0.2.18+aeb40ebe27
	- fabric-data-generation-api-v1 12.1.10+b3afc78b27
	- fabric-dimensions-v1 2.1.51+b3afc78b27
	- fabric-entity-events-v1 1.5.21+b3afc78b27
	- fabric-events-interaction-v0 0.6.0+b3afc78b27
	- fabric-game-rule-api-v1 1.0.38+b04edc7a27
	- fabric-gametest-api-v1 1.2.10+b3afc78b27
	- fabric-item-api-v1 2.1.26+b3afc78b27
	- fabric-item-group-api-v1 4.0.7+b3afc78b27
	- fabric-key-binding-api-v1 1.0.36+fb8d95da27
	- fabric-lifecycle-events-v1 2.2.20+b3afc78b27
	- fabric-loot-api-v2 1.1.37+b3afc78b27
	- fabric-message-api-v1 5.1.6+b3afc78b27
	- fabric-mining-level-api-v1 2.1.47+b3afc78b27
	- fabric-models-v0 0.3.35+b3afc78b27
	- fabric-networking-api-v1 1.3.8+b3afc78b27
	- fabric-object-builder-api-v1 11.0.6+b3afc78b27
	- fabric-particles-v1 1.0.28+b3afc78b27
	- fabric-recipe-api-v1 1.0.18+b3afc78b27
	- fabric-registry-sync-v0 2.2.6+b3afc78b27
	- fabric-renderer-api-v1 3.0.1+b3afc78b27
	- fabric-renderer-indigo 1.3.1+b3afc78b27
	- fabric-rendering-data-attachment-v1 0.3.33+b3afc78b27
	- fabric-rendering-fluids-v1 3.0.26+b3afc78b27
	- fabric-rendering-v1 3.0.6+b3afc78b27
	- fabric-resource-conditions-api-v1 2.3.4+b3afc78b27
	- fabric-resource-loader-v0 0.11.7+f7923f6d27
	- fabric-screen-api-v1 2.0.6+b3afc78b27
	- fabric-screen-handler-api-v1 1.3.27+b3afc78b27
	- fabric-sound-api-v1 1.0.12+b3afc78b27
	- fabric-transfer-api-v1 3.2.2+b3afc78b27
	- fabric-transitive-access-wideners-v1 4.2.0+b3afc78b27
	- fabricloader 0.14.21
	- java 17
	- javd 5.0.0+mc1.20
	- minecraft 1.20
	- trenzalore 2.3.0
[14:06:41] [main/INFO] (FabricLoader/Mixin) SpongePowered MIXIN Subsystem Version=0.8.5 Source=file:/C:/Users/unrealdinner/.gradle/caches/modules-2/files-2.1/net.fabricmc/sponge-mixin/0.12.5+mixin.0.8.5/8d31fb97c3e0cd7c8dad3441851c523bcfae6d8e/sponge-mixin-0.12.5+mixin.0.8.5.jar Service=Knot/Fabric Env=CLIENT
[14:06:41] [main/INFO] (FabricLoader/Mixin) Loaded Fabric development mappings for mixin remapper!
[14:06:41] [main/INFO] (FabricLoader/Mixin) Compatibility level set to JAVA_16
[14:06:41] [main/INFO] (FabricLoader/Mixin) Compatibility level set to JAVA_17
[14:06:44] [main/WARN] (PerfmonDisabled) Invalid registry value type detected for PerfOS counters. Should be REG_DWORD. Ignoring: HKEY_LOCAL_MACHINE\SYSTEM\CurrentControlSet\Services\PerfOS\Performance\Disable Performance Counters.
[14:06:49] [Datafixer Bootstrap/INFO] (Minecraft) 188 Datafixer optimizations took 256 milliseconds
[14:06:51] [Render thread/INFO] (Minecraft) Environment: authHost='https://authserver.mojang.com', accountsHost='https://api.mojang.com', sessionHost='https://sessionserver.mojang.com', servicesHost='https://api.minecraftservices.com', name='PROD'
[14:06:52] [Render thread/ERROR] (Minecraft) Failed to verify authentication
com.mojang.authlib.exceptions.InvalidCredentialsException: Status: 401
	at com.mojang.authlib.exceptions.MinecraftClientHttpException.toAuthenticationException(MinecraftClientHttpException.java:56) ~[authlib-4.0.43.jar:?]
	at com.mojang.authlib.yggdrasil.YggdrasilUserApiService.fetchProperties(YggdrasilUserApiService.java:156) ~[authlib-4.0.43.jar:?]
	at com.mojang.authlib.yggdrasil.YggdrasilUserApiService.<init>(YggdrasilUserApiService.java:55) ~[authlib-4.0.43.jar:?]
	at com.mojang.authlib.yggdrasil.YggdrasilAuthenticationService.createUserApiService(YggdrasilAuthenticationService.java:124) ~[authlib-4.0.43.jar:?]
	at net.minecraft.client.Minecraft.createUserApiService(Minecraft.java:733) ~[minecraft-merged-project-@fabric-1.20-loom.mappings.1_20.layered+hash.2198-v2.jar:?]
	at net.minecraft.client.Minecraft.<init>(Minecraft.java:442) ~[minecraft-merged-project-@fabric-1.20-loom.mappings.1_20.layered+hash.2198-v2.jar:?]
	at net.minecraft.client.main.Main.main(Main.java:211) ~[minecraft-merged-project-@fabric-1.20-loom.mappings.1_20.layered+hash.2198-v2.jar:?]
	at net.fabricmc.loader.impl.game.minecraft.MinecraftGameProvider.launch(MinecraftGameProvider.java:468) ~[fabric-loader-0.14.21.jar:?]
	at net.fabricmc.loader.impl.launch.knot.Knot.launch(Knot.java:74) ~[fabric-loader-0.14.21.jar:?]
	at net.fabricmc.loader.impl.launch.knot.KnotClient.main(KnotClient.java:23) ~[fabric-loader-0.14.21.jar:?]
	at net.fabricmc.devlaunchinjector.Main.main(Main.java:86) ~[dev-launch-injector-0.2.1+build.8.jar:?]
Caused by: com.mojang.authlib.exceptions.MinecraftClientHttpException: Status: 401
	at com.mojang.authlib.minecraft.client.MinecraftClient.readInputStream(MinecraftClient.java:85) ~[authlib-4.0.43.jar:?]
	at com.mojang.authlib.minecraft.client.MinecraftClient.get(MinecraftClient.java:48) ~[authlib-4.0.43.jar:?]
	at com.mojang.authlib.yggdrasil.YggdrasilUserApiService.fetchProperties(YggdrasilUserApiService.java:129) ~[authlib-4.0.43.jar:?]
	... 9 more
[14:06:52] [Render thread/INFO] (Minecraft) Setting user: Player264
[14:06:52] [Render thread/INFO] (Indigo) [Indigo] Registering Indigo renderer!
[14:06:52] [Render thread/INFO] (Minecraft) Backend library: LWJGL version 3.3.1 SNAPSHOT
[14:06:54] [Render thread/INFO] (Minecraft) Reloading ResourceManager: vanilla, fabric (fabricloader, fabric-rendering-data-attachment-v1, fabric-renderer-indigo, fabric-command-api-v2, fabric-particles-v1, trenzalore, fabric-screen-handler-api-v1, fabric-rendering-v1, fabric-entity-events-v1, fabric-screen-api-v1, fabric-networking-api-v1, fabric-registry-sync-v0, fabric-mining-level-api-v1, fabric-client-tags-api-v1, javd, fabric-loot-api-v2, fabric-game-rule-api-v1, fabric-api-base, fabric-models-v0, fabric-events-interaction-v0, fabric-data-generation-api-v1, fabric-blockrenderlayer-v1, fabric-item-api-v1, fabric-item-group-api-v1, fabric-convention-tags-v1, fabric-resource-loader-v0, fabric-key-binding-api-v1, fabric-object-builder-api-v1, fabric-lifecycle-events-v1, fabric-transfer-api-v1, fabric-renderer-api-v1, fabric-sound-api-v1, fabric-biome-api-v1, fabric-crash-report-info-v1, fabric-content-registries-v0, fabric-api, fabric-api-lookup-api-v1, fabric-recipe-api-v1, fabric-gametest-api-v1, fabric-message-api-v1, fabric-transitive-access-wideners-v1, fabric-resource-conditions-api-v1, fabric-dimensions-v1, fabric-rendering-fluids-v1, fabric-block-api-v1)
[14:06:54] [Worker-Main-9/INFO] (Minecraft) Found unifont_all_no_pua-15.0.06.hex, loading
[14:06:54] [Realms Notification Availability checker #1/INFO] (Minecraft) Could not authorize you against Realms server: Invalid session id
[14:06:55] [Worker-Main-2/WARN] (Minecraft) Exception loading blockstate definition: 'javd:blockstates/portal_block.json' missing model for variant: 'javd:portal_block#'
[14:06:55] [Worker-Main-2/WARN] (Minecraft) Unable to load model: 'javd:portal_block#inventory' referenced from: javd:portal_block#inventory: java.io.FileNotFoundException: javd:models/item/portal_block.json
[14:06:55] [Render thread/WARN] (Minecraft) Missing sound for event: minecraft:item.goat_horn.play
[14:06:55] [Render thread/WARN] (Minecraft) Missing sound for event: minecraft:entity.goat.screaming.horn_break
[14:06:55] [Render thread/INFO] (Minecraft) OpenAL initialized on device OpenAL Soft on Headphones (Travis Airpods)
[14:06:55] [Render thread/INFO] (Minecraft) Sound engine started
[14:06:55] [Render thread/INFO] (Minecraft) Created: 1024x512x4 minecraft:textures/atlas/blocks.png-atlas
[14:06:55] [Render thread/INFO] (Minecraft) Created: 256x256x4 minecraft:textures/atlas/signs.png-atlas
[14:06:55] [Render thread/INFO] (Minecraft) Created: 512x512x4 minecraft:textures/atlas/banner_patterns.png-atlas
[14:06:55] [Render thread/INFO] (Minecraft) Created: 512x512x4 minecraft:textures/atlas/shield_patterns.png-atlas
[14:06:55] [Render thread/INFO] (Minecraft) Created: 1024x1024x4 minecraft:textures/atlas/armor_trims.png-atlas
[14:06:55] [Render thread/INFO] (Minecraft) Created: 128x64x4 minecraft:textures/atlas/decorated_pot.png-atlas
[14:06:55] [Render thread/INFO] (Minecraft) Created: 256x256x4 minecraft:textures/atlas/chest.png-atlas
[14:06:55] [Render thread/INFO] (Minecraft) Created: 512x256x4 minecraft:textures/atlas/beds.png-atlas
[14:06:55] [Render thread/INFO] (Minecraft) Created: 512x256x4 minecraft:textures/atlas/shulker_boxes.png-atlas
[14:06:56] [Render thread/WARN] (Minecraft) Shader rendertype_entity_translucent_emissive could not find sampler named Sampler2 in the specified shader program.
[14:06:56] [Render thread/INFO] (Minecraft) Created: 256x256x0 minecraft:textures/atlas/particles.png-atlas
[14:06:56] [Render thread/INFO] (Minecraft) Created: 256x256x0 minecraft:textures/atlas/paintings.png-atlas
[14:06:56] [Render thread/INFO] (Minecraft) Created: 128x128x0 minecraft:textures/atlas/mob_effects.png-atlas
[14:07:06] [Render thread/INFO] (Minecraft) Loaded 7 recipes
[14:07:06] [Render thread/INFO] (Minecraft) Loaded 1271 advancements
[14:07:11] [Render thread/INFO] (Minecraft) Loaded 7 recipes
[14:07:11] [Render thread/INFO] (Minecraft) Loaded 1271 advancements
[14:07:12] [Render thread/INFO] (BiomeModificationImpl) Applied 0 biome modifications to 0 of 65 new biomes in 2.890 ms
[14:07:12] [Server thread/INFO] (Minecraft) Starting integrated minecraft server version 1.20
[14:07:12] [Server thread/INFO] (Minecraft) Generating keypair
[14:07:13] [Server thread/INFO] (Minecraft) Preparing start region for dimension minecraft:overworld
[14:07:17] [Render thread/INFO] (Minecraft) Preparing spawn area: 0%
[14:07:17] [Render thread/INFO] (Minecraft) Preparing spawn area: 0%
[14:07:17] [Render thread/INFO] (Minecraft) Preparing spawn area: 0%
[14:07:17] [Render thread/INFO] (Minecraft) Preparing spawn area: 0%
[14:07:17] [Render thread/INFO] (Minecraft) Preparing spawn area: 0%
[14:07:17] [Render thread/INFO] (Minecraft) Preparing spawn area: 0%
[14:07:17] [Render thread/INFO] (Minecraft) Preparing spawn area: 0%
[14:07:17] [Render thread/INFO] (Minecraft) Preparing spawn area: 0%
[14:07:17] [Render thread/INFO] (Minecraft) Preparing spawn area: 0%
[14:07:18] [Render thread/INFO] (Minecraft) Preparing spawn area: 13%
[14:07:18] [Render thread/INFO] (Minecraft) Preparing spawn area: 97%
[14:07:18] [Render thread/INFO] (Minecraft) Time elapsed: 5014 ms
[14:07:18] [Server thread/INFO] (Minecraft) Changing view distance to 12, from 10
[14:07:18] [Server thread/INFO] (Minecraft) Changing simulation distance to 12, from 0
[14:07:20] [Server thread/INFO] (Minecraft) Player264[local:E:531216d3] logged in with entity id 173 at (-84.21588590673113, 103.0, 214.5280826467128)
[14:07:21] [Server thread/INFO] (Minecraft) Player264 joined the game
[14:07:22] [Render thread/INFO] (Minecraft) Loaded 2 advancements
[14:07:32] [Server thread/INFO] (Minecraft) [Player264: Gave 1 [block.javd.portal_block] to Player264]
[14:07:32] [Render thread/INFO] (Minecraft) [System] [CHAT] Gave 1 [block.javd.portal_block] to Player264
[14:07:35] [Server thread/INFO] (Minecraft) Saving and pausing game...
[14:07:35] [Server thread/INFO] (Minecraft) Saving chunks for level 'ServerLevel[New World]'/minecraft:overworld
[14:07:35] [Server thread/INFO] (Minecraft) Saving chunks for level 'ServerLevel[New World]'/minecraft:the_nether
[14:07:35] [Server thread/INFO] (Minecraft) Saving chunks for level 'ServerLevel[New World]'/minecraft:the_end
[14:07:35] [Server thread/INFO] (Minecraft) Saving chunks for level 'ServerLevel[New World]'/javd:void
[14:07:43] [Render thread/INFO] (Minecraft) Loaded 16 advancements
[14:08:33] [Server thread/INFO] (Minecraft) [Player264: Set own game mode to Spectator Mode]
[14:08:33] [Render thread/INFO] (Minecraft) [System] [CHAT] Set own game mode to Spectator Mode
[14:08:47] [Server thread/INFO] (Minecraft) [Player264: Set own game mode to Creative Mode]
[14:08:47] [Render thread/INFO] (Minecraft) [System] [CHAT] Set own game mode to Creative Mode
[14:08:48] [Server thread/INFO] (Minecraft) Saving and pausing game...
[14:08:48] [Server thread/INFO] (Minecraft) Saving chunks for level 'ServerLevel[New World]'/minecraft:overworld
[14:08:48] [Server thread/INFO] (Minecraft) Saving chunks for level 'ServerLevel[New World]'/minecraft:the_nether
[14:08:48] [Server thread/INFO] (Minecraft) Saving chunks for level 'ServerLevel[New World]'/minecraft:the_end
[14:08:48] [Server thread/INFO] (Minecraft) Saving chunks for level 'ServerLevel[New World]'/javd:void
[14:08:49] [Server thread/INFO] (Minecraft) Player264 lost connection: Disconnected
[14:08:49] [Server thread/INFO] (Minecraft) Player264 left the game
[14:08:49] [Server thread/INFO] (Minecraft) Stopping singleplayer server as player logged out
[14:08:49] [Server thread/INFO] (Minecraft) Stopping server
[14:08:49] [Server thread/INFO] (Minecraft) Saving players
[14:08:49] [Server thread/INFO] (Minecraft) Saving worlds
[14:08:50] [Server thread/INFO] (Minecraft) Saving chunks for level 'ServerLevel[New World]'/minecraft:overworld
[14:08:50] [Server thread/INFO] (Minecraft) Saving chunks for level 'ServerLevel[New World]'/minecraft:the_nether
[14:08:50] [Server thread/INFO] (Minecraft) Saving chunks for level 'ServerLevel[New World]'/minecraft:the_end
[14:08:50] [Server thread/INFO] (Minecraft) Saving chunks for level 'ServerLevel[New World]'/javd:void
[14:08:50] [Server thread/INFO] (Minecraft) ThreadedAnvilChunkStorage (New World): All chunks are saved
[14:08:50] [Server thread/INFO] (Minecraft) ThreadedAnvilChunkStorage (DIM-1): All chunks are saved
[14:08:50] [Server thread/INFO] (Minecraft) ThreadedAnvilChunkStorage (DIM1): All chunks are saved
[14:08:50] [Server thread/INFO] (Minecraft) ThreadedAnvilChunkStorage (void): All chunks are saved
[14:08:50] [Server thread/INFO] (Minecraft) ThreadedAnvilChunkStorage: All dimensions are saved
[14:08:51] [Render thread/INFO] (Minecraft) Stopping!
